210409-22:15:15 [INFO] -- 
210409-22:15:15 [INFO] -- 
210409-22:15:15 [INFO] -- ============================================================
210409-22:15:15 [INFO] -- ATMSSStarter: Application Starting...
210409-22:15:18 [INFO] -- CashDepositCollectorHandler: starting...
210409-22:15:18 [INFO] -- TouchDisplayHandler: starting...
210409-22:15:18 [INFO] -- CardReaderHandler: starting...
210409-22:15:18 [INFO] -- BuzzerHandler: starting...
210409-22:15:18 [INFO] -- AdvicePrinterHandler: starting...
210409-22:15:18 [INFO] -- timer: starting...
210409-22:15:18 [INFO] -- ATMSS: starting...
210409-22:15:18 [INFO] -- CashDispenserHandler: starting...
210409-22:15:18 [INFO] -- KeypadHandler: starting...
210409-22:15:21 [INFO] -- CardInserted: 4107-7014
210409-22:15:26 [INFO] -- KeyPressed: 3
210409-22:15:27 [INFO] -- KeyPressed: 3
210409-22:15:27 [INFO] -- KeyPressed: 3
210409-22:15:27 [INFO] -- KeyPressed: 3
210409-22:15:28 [INFO] -- KeyPressed: 3
210409-22:15:29 [INFO] -- KeyPressed: 3
210409-22:15:29 [INFO] -- KeyPressed: Enter
210409-22:15:31 [INFO] -- KeyPressed: 5
210409-22:15:32 [INFO] -- KeyPressed: 5
210409-22:15:33 [INFO] -- KeyPressed: 5
210409-22:15:33 [INFO] -- KeyPressed: 5
210409-22:15:34 [INFO] -- KeyPressed: 5
210409-22:15:35 [INFO] -- KeyPressed: 5
210409-22:15:35 [INFO] -- KeyPressed: Enter
210409-22:15:37 [INFO] -- KeyPressed: 5
210409-22:15:38 [INFO] -- KeyPressed: 5
210409-22:15:38 [INFO] -- KeyPressed: 5
210409-22:15:39 [INFO] -- KeyPressed: 5
210409-22:15:39 [INFO] -- KeyPressed: 5
210409-22:15:40 [INFO] -- KeyPressed: 5
210409-22:15:41 [INFO] -- KeyPressed: Enter
210409-22:15:43 [INFO] -- KeyPressed: 6
210409-22:15:44 [INFO] -- KeyPressed: 6
210409-22:15:44 [INFO] -- KeyPressed: 6
210409-22:15:45 [INFO] -- KeyPressed: 6
210409-22:15:45 [INFO] -- KeyPressed: 6
210409-22:15:46 [INFO] -- KeyPressed: 6
210409-22:15:47 [INFO] -- KeyPressed: Enter
210409-22:15:47 [INFO] -- CardRemoved: Card Locked
210409-22:15:50 [INFO] -- 
210409-22:15:50 [INFO] -- 
210409-22:15:50 [INFO] -- ============================================================
210409-22:15:50 [INFO] -- ATMSSStarter: Application Stopping...
210409-22:15:50 [INFO] -- ATMSS: terminating...
210409-22:15:50 [INFO] -- CardReaderHandler: terminating...
210409-22:15:50 [INFO] -- KeypadHandler: terminating...
210409-22:15:50 [INFO] -- TouchDisplayHandler: terminating...
210409-22:15:50 [INFO] -- timer: received terminate!
210409-22:15:50 [INFO] -- timer: terminating...
210409-22:15:50 [INFO] -- CashDepositCollectorHandler: terminating...
210409-22:15:50 [INFO] -- BuzzerHandler: terminating...
210409-22:15:50 [INFO] -- CashDispenserHandler: terminating...
210409-22:15:50 [INFO] -- AdvicePrinterHandler: terminating...
