210405-18:39:19 [INFO] -- 
210405-18:39:19 [INFO] -- 
210405-18:39:19 [INFO] -- ============================================================
210405-18:39:19 [INFO] -- ATMSSStarter: Application Starting...
210405-18:39:19 [INFO] -- timer: starting...
210405-18:39:19 [INFO] -- CardReaderHandler: starting...
210405-18:39:19 [INFO] -- KeypadHandler: starting...
210405-18:39:19 [INFO] -- TouchDisplayHandler: starting...
210405-18:39:19 [INFO] -- AdvicePrinterHandler: starting...
210405-18:39:19 [INFO] -- ATMSS: starting...
210405-18:40:19 [INFO] -- Poll: TimesUp 17888 0
210405-18:40:19 [INFO] -- PollAck: TouchDisplayHandler is up!
210405-18:40:19 [INFO] -- PollAck: CardReaderHandler is up!
210405-18:40:19 [INFO] -- PollAck: KeypadHandler is up!
210405-18:40:19 [INFO] -- PollAck: AdvicePrinterHandler is up!
210405-18:41:19 [INFO] -- Poll: TimesUp 20959 0
210405-18:41:19 [INFO] -- PollAck: KeypadHandler is up!
210405-18:41:19 [INFO] -- PollAck: TouchDisplayHandler is up!
210405-18:41:19 [INFO] -- PollAck: CardReaderHandler is up!
210405-18:41:19 [INFO] -- PollAck: AdvicePrinterHandler is up!
